<?xml version="1.0" encoding="UTF-8"?>
<!-- Generated by org.testng.reporters.JUnitReportReporter -->
<testsuite hostname="DESKTOP-29C3PR5" failures="0" tests="2" name="advanceSeleniumTestNG.TC_DWS_003" time="12.884" errors="0" timestamp="2024-02-01T14:12:10 IST" skipped="0">
  <testcase classname="advanceSeleniumTestNG.TC_DWS_003" name="testCase" time="4.807"/>
  <system-out/>
  <testcase classname="advanceSeleniumTestNG.TC_DWS_003" name="testCase" time="8.077"/>
  <system-out/>
</testsuite> <!-- advanceSeleniumTestNG.TC_DWS_003 -->
