<?xml version="1.0" encoding="UTF-8"?>
<!-- Generated by org.testng.reporters.JUnitReportReporter -->
<testsuite hostname="DESKTOP-29C3PR5" failures="0" tests="3" name="advanceSeleniumTestNG.ToLearnDataProvider" time="209.023" errors="0" timestamp="2024-01-23T11:32:05 IST" skipped="0">
  <testcase classname="advanceSeleniumTestNG.ToLearnDataProvider" name="toLogin" time="68.519"/>
  <system-out/>
  <testcase classname="advanceSeleniumTestNG.ToLearnDataProvider" name="toLogin" time="64.205"/>
  <system-out/>
  <testcase classname="advanceSeleniumTestNG.ToLearnDataProvider" name="toLogin" time="76.299"/>
  <system-out/>
</testsuite> <!-- advanceSeleniumTestNG.ToLearnDataProvider -->
