<?xml version="1.0" encoding="UTF-8"?>
<!-- Generated by org.testng.reporters.JUnitReportReporter -->
<testsuite hostname="DESKTOP-29C3PR5" failures="0" tests="1" name="advanceSeleniumTestNG.TC_DWS_001" time="16.232" errors="0" timestamp="2024-01-23T12:41:59 IST" skipped="0">
  <testcase classname="advanceSeleniumTestNG.TC_DWS_001" name="toCheckBookPage" time="16.232"/>
  <system-out>
    <![CDATA[TestCase 001 executed successfully]]>
  </system-out>
</testsuite> <!-- advanceSeleniumTestNG.TC_DWS_001 -->
