<?xml version="1.0" encoding="UTF-8"?>
<!-- Generated by org.testng.reporters.JUnitReportReporter -->
<testsuite hostname="DESKTOP-29C3PR5" failures="0" tests="1" name="bikes.RoyalEnfield" time="8.353" errors="0" timestamp="2024-01-22T18:20:12 IST" skipped="0">
  <testcase classname="bikes.RoyalEnfield" name="enfield" time="8.353"/>
  <system-out>
    <![CDATA[Enfield got successfully launched]]>
  </system-out>
</testsuite> <!-- bikes.RoyalEnfield -->
