<?xml version="1.0" encoding="UTF-8"?>
<!-- Generated by org.testng.reporters.JUnitReportReporter -->
<testsuite hostname="DESKTOP-29C3PR5" failures="0" tests="1" name="bikes.KTM" time="11.216" errors="0" timestamp="2024-01-22T18:20:12 IST" skipped="0">
  <testcase classname="bikes.KTM" name="ktm" time="11.216"/>
  <system-out>
    <![CDATA[KTM got successfully launched]]>
  </system-out>
</testsuite> <!-- bikes.KTM -->
