<?xml version="1.0" encoding="UTF-8"?>
<!-- Generated by org.testng.reporters.JUnitReportReporter -->
<testsuite hostname="DESKTOP-29C3PR5" failures="0" tests="1" name="Assertion.AssertNotEqual" time="58.047" errors="0" timestamp="2024-02-01T16:04:57 IST" skipped="0">
  <testcase classname="Assertion.AssertNotEqual" name="test" time="58.047"/>
  <system-out/>
</testsuite> <!-- Assertion.AssertNotEqual -->
