<?xml version="1.0" encoding="UTF-8"?>
<!-- Generated by org.testng.reporters.JUnitReportReporter -->
<testsuite hostname="DESKTOP-29C3PR5" failures="0" tests="1" name="advanceSeleniumTestNG.ConfigurationAnnotationOfTestNG$ConfigurationAnnotations" time="0.014" errors="0" timestamp="2024-01-31T17:19:57 IST" skipped="0">
  <testcase classname="advanceSeleniumTestNG.ConfigurationAnnotationOfTestNG$ConfigurationAnnotations" name="test" time="0.014"/>
  <system-out>
    <![CDATA[test is excecuted]]>
  </system-out>
</testsuite> <!-- advanceSeleniumTestNG.ConfigurationAnnotationOfTestNG$ConfigurationAnnotations -->
