<?xml version="1.0" encoding="UTF-8"?>
<!-- Generated by org.testng.reporters.JUnitReportReporter -->
<testsuite hostname="DESKTOP-29C3PR5" failures="0" tests="1" name="bikes.Hero" time="3.626" errors="0" timestamp="2024-01-22T18:20:12 IST" skipped="0">
  <testcase classname="bikes.Hero" name="hero" time="3.626"/>
  <system-out>
    <![CDATA[Hero got successfully launched]]>
  </system-out>
</testsuite> <!-- bikes.Hero -->
