<?xml version="1.0" encoding="UTF-8"?>
<!-- Generated by org.testng.reporters.JUnitReportReporter -->
<testsuite hostname="DESKTOP-29C3PR5" failures="0" tests="1" name="Assertion.AssertTrue" time="50.973" errors="0" timestamp="2024-02-01T17:20:13 IST" skipped="0">
  <testcase classname="Assertion.AssertTrue" name="test" time="50.973"/>
  <system-out/>
</testsuite> <!-- Assertion.AssertTrue -->
