<?xml version="1.0" encoding="UTF-8"?>
<!-- Generated by org.testng.reporters.JUnitReportReporter -->
<testsuite hostname="DESKTOP-29C3PR5" failures="0" tests="1" name="bikes.Yamaha" time="3.506" errors="0" timestamp="2024-01-22T18:20:12 IST" skipped="0">
  <testcase classname="bikes.Yamaha" name="yamaha" time="3.506"/>
  <system-out>
    <![CDATA[yamaha got successfully launched]]>
  </system-out>
</testsuite> <!-- bikes.Yamaha -->
